<?xml version="1.0" encoding="UTF-8"?>
<!-- Generated by org.testng.reporters.JUnitReportReporter -->
<testsuite hostname="Ktex03" failures="0" tests="5" name="com.project.qa.testcases.HomePageTest" time="36.207" errors="0" timestamp="2022-08-23T08:31:20 EDT" skipped="0">
  <testcase classname="com.project.qa.testcases.HomePageTest" name="homePageTitle" time="6.562"/>
  <system-out/>
  <testcase classname="com.project.qa.testcases.HomePageTest" name="verifyUserNameTest" time="7.655"/>
  <system-out/>
  <testcase classname="com.project.qa.testcases.HomePageTest" name="verifyTaskslinkTest" time="7.377"/>
  <system-out/>
  <testcase classname="com.project.qa.testcases.HomePageTest" name="verifyContactslinkTest" time="7.388"/>
  <system-out/>
  <testcase classname="com.project.qa.testcases.HomePageTest" name="verifyDealsslinkTest" time="7.225"/>
  <system-out/>
</testsuite> <!-- com.project.qa.testcases.HomePageTest -->
