<?xml version="1.0" encoding="UTF-8"?>
<!-- Generated by org.testng.reporters.JUnitReportReporter -->
<testsuite hostname="Ktex03" failures="0" tests="7" name="com.project.qa.testcases.ContactsPageTest" time="77.591" errors="0" timestamp="2022-08-23T08:42:41 EDT" skipped="0">
  <testcase classname="com.project.qa.testcases.ContactsPageTest" name="verifyContactsPageLable" time="9.673"/>
  <system-out/>
  <testcase classname="com.project.qa.testcases.ContactsPageTest" name="selectSingleContactTest" time="9.825"/>
  <system-out/>
  <testcase classname="com.project.qa.testcases.ContactsPageTest" name="selectMultipleContactList" time="9.906"/>
  <system-out/>
  <testcase classname="com.project.qa.testcases.ContactsPageTest" name="validateCreateContact" time="12.986"/>
  <system-out/>
  <testcase classname="com.project.qa.testcases.ContactsPageTest" name="validateCreateContact" time="11.767"/>
  <system-out/>
  <testcase classname="com.project.qa.testcases.ContactsPageTest" name="validateCreateContact" time="11.803"/>
  <system-out/>
  <testcase classname="com.project.qa.testcases.ContactsPageTest" name="validateCreateContact" time="11.631"/>
  <system-out/>
</testsuite> <!-- com.project.qa.testcases.ContactsPageTest -->
