<?xml version="1.0" encoding="UTF-8"?>
<!-- Generated by org.testng.reporters.JUnitReportReporter -->
<testsuite hostname="Ktex03" failures="0" tests="3" name="com.project.qa.testcases.LoginPageTest" time="14.693" errors="0" timestamp="2022-08-23T08:43:18 EDT" skipped="0">
  <testcase classname="com.project.qa.testcases.LoginPageTest" name="loginPageTitleTest" time="3.531"/>
  <system-out/>
  <testcase classname="com.project.qa.testcases.LoginPageTest" name="crmLogoImgTest" time="4.545"/>
  <system-out/>
  <testcase classname="com.project.qa.testcases.LoginPageTest" name="loginTest" time="6.617"/>
  <system-out/>
</testsuite> <!-- com.project.qa.testcases.LoginPageTest -->
