<?xml version="1.0" encoding="UTF-8"?>
<!-- Generated by org.testng.reporters.JUnitReportReporter -->
<testsuite hostname="Ktex03" failures="0" tests="1" name="com.project.qa.testcases.GitChange" time="0.004" errors="0" timestamp="2022-08-23T08:31:34 EDT" skipped="0">
  <testcase classname="com.project.qa.testcases.GitChange" name="first" time="0.004"/>
  <system-out/>
</testsuite> <!-- com.project.qa.testcases.GitChange -->
