<?xml version="1.0" encoding="UTF-8"?>
<!-- Generated by org.testng.reporters.JUnitReportReporter -->
<testsuite hostname="Ktex03" failures="0" tests="5" name="com.project.qa.testcases.HomePageTest" time="31.497" errors="0" timestamp="2022-08-23T08:46:52 EDT" skipped="0">
  <testcase classname="com.project.qa.testcases.HomePageTest" name="homePageTitle" time="6.140"/>
  <system-out/>
  <testcase classname="com.project.qa.testcases.HomePageTest" name="verifyUserNameTest" time="5.926"/>
  <system-out/>
  <testcase classname="com.project.qa.testcases.HomePageTest" name="verifyTaskslinkTest" time="6.454"/>
  <system-out/>
  <testcase classname="com.project.qa.testcases.HomePageTest" name="verifyDealsslinkTest" time="6.539"/>
  <system-out/>
  <testcase classname="com.project.qa.testcases.HomePageTest" name="verifyContactslinkTest" time="6.438"/>
  <system-out/>
</testsuite> <!-- com.project.qa.testcases.HomePageTest -->
