<?xml version="1.0" encoding="UTF-8"?>
<!-- Generated by org.testng.reporters.JUnitReportReporter -->
<testsuite hostname="Ktex03" failures="0" tests="7" name="com.project.qa.testcases.ContactsPageTest" time="69.535" errors="0" timestamp="2022-08-23T08:46:52 EDT" skipped="0">
  <testcase classname="com.project.qa.testcases.ContactsPageTest" name="verifyContactsPageLable" time="9.151"/>
  <system-out/>
  <testcase classname="com.project.qa.testcases.ContactsPageTest" name="selectSingleContactTest" time="8.917"/>
  <system-out/>
  <testcase classname="com.project.qa.testcases.ContactsPageTest" name="selectMultipleContactList" time="8.699"/>
  <system-out/>
  <testcase classname="com.project.qa.testcases.ContactsPageTest" name="validateCreateContact" time="10.523"/>
  <system-out/>
  <testcase classname="com.project.qa.testcases.ContactsPageTest" name="validateCreateContact" time="10.889"/>
  <system-out/>
  <testcase classname="com.project.qa.testcases.ContactsPageTest" name="validateCreateContact" time="10.676"/>
  <system-out/>
  <testcase classname="com.project.qa.testcases.ContactsPageTest" name="validateCreateContact" time="10.680"/>
  <system-out/>
</testsuite> <!-- com.project.qa.testcases.ContactsPageTest -->
