<?xml version="1.0" encoding="UTF-8"?>
<!-- Generated by org.testng.reporters.JUnitReportReporter -->
<testsuite hostname="Ktex03" failures="0" tests="3" name="com.project.qa.testcases.LoginPageTest" time="11.808" errors="0" timestamp="2022-08-23T08:46:52 EDT" skipped="0">
  <testcase classname="com.project.qa.testcases.LoginPageTest" name="loginPageTitleTest" time="2.677"/>
  <system-out/>
  <testcase classname="com.project.qa.testcases.LoginPageTest" name="crmLogoImgTest" time="3.446"/>
  <system-out/>
  <testcase classname="com.project.qa.testcases.LoginPageTest" name="loginTest" time="5.685"/>
  <system-out/>
</testsuite> <!-- com.project.qa.testcases.LoginPageTest -->
